[2025-09-29 12:24:17Z INFO HostContext] No proxy settings were found based on environmental variables (http_proxy/https_proxy/HTTP_PROXY/HTTPS_PROXY)
[2025-09-29 12:24:17Z INFO HostContext] Well known directory 'Bin': 'C:\Users\Aditya's PC\Desktop\Package a Node.js app into a container\actions-runner\bin'
[2025-09-29 12:24:17Z INFO HostContext] Well known directory 'Root': 'C:\Users\Aditya's PC\Desktop\Package a Node.js app into a container\actions-runner'
[2025-09-29 12:24:17Z INFO HostContext] Well known config file 'Credentials': 'C:\Users\Aditya's PC\Desktop\Package a Node.js app into a container\actions-runner\.credentials'
[2025-09-29 12:24:17Z INFO HostContext] Well known directory 'Bin': 'C:\Users\Aditya's PC\Desktop\Package a Node.js app into a container\actions-runner\bin'
[2025-09-29 12:24:17Z INFO HostContext] Well known directory 'Root': 'C:\Users\Aditya's PC\Desktop\Package a Node.js app into a container\actions-runner'
[2025-09-29 12:24:17Z INFO HostContext] Well known config file 'Runner': 'C:\Users\Aditya's PC\Desktop\Package a Node.js app into a container\actions-runner\.runner'
[2025-09-29 12:24:17Z INFO Listener] Runner is built for Windows (X64) - win-x64.
[2025-09-29 12:24:17Z INFO Listener] RuntimeInformation: Microsoft Windows 10.0.19045.
[2025-09-29 12:24:17Z INFO Listener] Version: 2.328.0
[2025-09-29 12:24:17Z INFO Listener] Commit: 6f9a9110adce65f44ca6f7c0ae142b9cc6af937b
[2025-09-29 12:24:17Z INFO Listener] Culture: en-US
[2025-09-29 12:24:17Z INFO Listener] UI Culture: en-US
[2025-09-29 12:24:17Z INFO HostContext] Well known directory 'Bin': 'C:\Users\Aditya's PC\Desktop\Package a Node.js app into a container\actions-runner\bin'
[2025-09-29 12:24:17Z INFO HostContext] Well known directory 'Root': 'C:\Users\Aditya's PC\Desktop\Package a Node.js app into a container\actions-runner'
[2025-09-29 12:24:17Z INFO Listener] Validating directory permissions for: 'C:\Users\Aditya's PC\Desktop\Package a Node.js app into a container\actions-runner'
[2025-09-29 12:24:17Z INFO CommandLineParser] Parse
[2025-09-29 12:24:17Z INFO CommandLineParser] Parsing 5 args
[2025-09-29 12:24:17Z INFO CommandLineParser] parsing argument
[2025-09-29 12:24:17Z INFO CommandLineParser] HasArgs: False
[2025-09-29 12:24:17Z INFO CommandLineParser] Adding Command: configure
[2025-09-29 12:24:17Z INFO CommandLineParser] parsing argument
[2025-09-29 12:24:17Z INFO CommandLineParser] HasArgs: True
[2025-09-29 12:24:17Z INFO CommandLineParser] arg: url
[2025-09-29 12:24:17Z INFO CommandLineParser] parsing argument
[2025-09-29 12:24:17Z INFO CommandLineParser] HasArgs: True
[2025-09-29 12:24:17Z INFO CommandLineParser] Adding option 'url': 'https://github.com/AdityaZope4040/CI-CD-pipeline-testing-'
[2025-09-29 12:24:17Z INFO CommandLineParser] parsing argument
[2025-09-29 12:24:17Z INFO CommandLineParser] HasArgs: True
[2025-09-29 12:24:17Z INFO CommandLineParser] arg: token
[2025-09-29 12:24:17Z INFO CommandLineParser] parsing argument
[2025-09-29 12:24:17Z INFO CommandLineParser] HasArgs: True
[2025-09-29 12:24:17Z INFO CommandLineParser] Adding option 'token': '***'
[2025-09-29 12:24:17Z INFO Listener] Arguments parsed
[2025-09-29 12:24:17Z INFO Runner] ExecuteCommand
[2025-09-29 12:24:17Z INFO ConfigurationStore] currentAssemblyLocation: C:\Users\Aditya's PC\Desktop\Package a Node.js app into a container\actions-runner\bin\Runner.Listener.dll
[2025-09-29 12:24:17Z INFO HostContext] Well known directory 'Bin': 'C:\Users\Aditya's PC\Desktop\Package a Node.js app into a container\actions-runner\bin'
[2025-09-29 12:24:17Z INFO ConfigurationStore] binPath: C:\Users\Aditya's PC\Desktop\Package a Node.js app into a container\actions-runner\bin
[2025-09-29 12:24:17Z INFO HostContext] Well known directory 'Bin': 'C:\Users\Aditya's PC\Desktop\Package a Node.js app into a container\actions-runner\bin'
[2025-09-29 12:24:17Z INFO HostContext] Well known directory 'Root': 'C:\Users\Aditya's PC\Desktop\Package a Node.js app into a container\actions-runner'
[2025-09-29 12:24:17Z INFO ConfigurationStore] RootFolder: C:\Users\Aditya's PC\Desktop\Package a Node.js app into a container\actions-runner
[2025-09-29 12:24:17Z INFO HostContext] Well known directory 'Bin': 'C:\Users\Aditya's PC\Desktop\Package a Node.js app into a container\actions-runner\bin'
[2025-09-29 12:24:17Z INFO HostContext] Well known directory 'Root': 'C:\Users\Aditya's PC\Desktop\Package a Node.js app into a container\actions-runner'
[2025-09-29 12:24:17Z INFO HostContext] Well known config file 'Runner': 'C:\Users\Aditya's PC\Desktop\Package a Node.js app into a container\actions-runner\.runner'
[2025-09-29 12:24:17Z INFO ConfigurationStore] ConfigFilePath: C:\Users\Aditya's PC\Desktop\Package a Node.js app into a container\actions-runner\.runner
[2025-09-29 12:24:17Z INFO HostContext] Well known directory 'Bin': 'C:\Users\Aditya's PC\Desktop\Package a Node.js app into a container\actions-runner\bin'
[2025-09-29 12:24:17Z INFO HostContext] Well known directory 'Root': 'C:\Users\Aditya's PC\Desktop\Package a Node.js app into a container\actions-runner'
[2025-09-29 12:24:17Z INFO HostContext] Well known config file 'MigratedRunner': 'C:\Users\Aditya's PC\Desktop\Package a Node.js app into a container\actions-runner\.runner_migrated'
[2025-09-29 12:24:17Z INFO ConfigurationStore] MigratedConfigFilePath: C:\Users\Aditya's PC\Desktop\Package a Node.js app into a container\actions-runner\.runner_migrated
[2025-09-29 12:24:17Z INFO HostContext] Well known directory 'Bin': 'C:\Users\Aditya's PC\Desktop\Package a Node.js app into a container\actions-runner\bin'
[2025-09-29 12:24:17Z INFO HostContext] Well known directory 'Root': 'C:\Users\Aditya's PC\Desktop\Package a Node.js app into a container\actions-runner'
[2025-09-29 12:24:17Z INFO HostContext] Well known config file 'Credentials': 'C:\Users\Aditya's PC\Desktop\Package a Node.js app into a container\actions-runner\.credentials'
[2025-09-29 12:24:17Z INFO ConfigurationStore] CredFilePath: C:\Users\Aditya's PC\Desktop\Package a Node.js app into a container\actions-runner\.credentials
[2025-09-29 12:24:17Z INFO HostContext] Well known directory 'Bin': 'C:\Users\Aditya's PC\Desktop\Package a Node.js app into a container\actions-runner\bin'
[2025-09-29 12:24:17Z INFO HostContext] Well known directory 'Root': 'C:\Users\Aditya's PC\Desktop\Package a Node.js app into a container\actions-runner'
[2025-09-29 12:24:17Z INFO HostContext] Well known config file 'MigratedCredentials': 'C:\Users\Aditya's PC\Desktop\Package a Node.js app into a container\actions-runner\.credentials_migrated'
[2025-09-29 12:24:17Z INFO ConfigurationStore] MigratedCredFilePath: C:\Users\Aditya's PC\Desktop\Package a Node.js app into a container\actions-runner\.credentials_migrated
[2025-09-29 12:24:17Z INFO HostContext] Well known directory 'Bin': 'C:\Users\Aditya's PC\Desktop\Package a Node.js app into a container\actions-runner\bin'
[2025-09-29 12:24:17Z INFO HostContext] Well known directory 'Root': 'C:\Users\Aditya's PC\Desktop\Package a Node.js app into a container\actions-runner'
[2025-09-29 12:24:17Z INFO HostContext] Well known config file 'Service': 'C:\Users\Aditya's PC\Desktop\Package a Node.js app into a container\actions-runner\.service'
[2025-09-29 12:24:17Z INFO ConfigurationStore] ServiceConfigFilePath: C:\Users\Aditya's PC\Desktop\Package a Node.js app into a container\actions-runner\.service
[2025-09-29 12:24:17Z INFO CommandSettings] Flag 'help': 'False'
[2025-09-29 12:24:17Z INFO CommandSettings] Flag 'version': 'False'
[2025-09-29 12:24:17Z INFO CommandSettings] Flag 'commit': 'False'
[2025-09-29 12:24:17Z INFO CommandSettings] Flag 'check': 'False'
[2025-09-29 12:24:17Z INFO CommandSettings] Command 'configure': 'True'
[2025-09-29 12:24:17Z INFO Terminal] WRITE LINE: 
[2025-09-29 12:24:17Z INFO Terminal] WRITE LINE: --------------------------------------------------------------------------------
[2025-09-29 12:24:17Z INFO Terminal] WRITE LINE: |        ____ _ _   _   _       _          _        _   _                      |
[2025-09-29 12:24:17Z INFO Terminal] WRITE LINE: |       / ___(_) |_| | | |_   _| |__      / \   ___| |_(_) ___  _ __  ___      |
[2025-09-29 12:24:17Z INFO Terminal] WRITE LINE: |      | |  _| | __| |_| | | | | '_ \    / _ \ / __| __| |/ _ \| '_ \/ __|     |
[2025-09-29 12:24:17Z INFO Terminal] WRITE LINE: |      | |_| | | |_|  _  | |_| | |_) |  / ___ \ (__| |_| | (_) | | | \__ \     |
[2025-09-29 12:24:17Z INFO Terminal] WRITE LINE: |       \____|_|\__|_| |_|\__,_|_.__/  /_/   \_\___|\__|_|\___/|_| |_|___/     |
[2025-09-29 12:24:17Z INFO Terminal] WRITE LINE: |                                                                              |
[2025-09-29 12:24:17Z INFO Terminal] WRITE: |                       
[2025-09-29 12:24:17Z INFO Terminal] WRITE: Self-hosted runner registration
[2025-09-29 12:24:17Z INFO Terminal] WRITE LINE:                         |
[2025-09-29 12:24:17Z INFO Terminal] WRITE LINE: |                                                                              |
[2025-09-29 12:24:17Z INFO Terminal] WRITE LINE: --------------------------------------------------------------------------------
[2025-09-29 12:24:17Z INFO ConfigurationManager] ConfigureAsync
[2025-09-29 12:24:17Z INFO CommandSettings] Flag 'generateServiceConfig': 'False'
[2025-09-29 12:24:17Z INFO ConfigurationStore] IsConfigured()
[2025-09-29 12:24:17Z INFO ConfigurationStore] IsConfigured: False
[2025-09-29 12:24:17Z INFO ConfigurationManager] Is configured: False
[2025-09-29 12:24:17Z INFO CommandSettings] Arg 'url': 'https://github.com/AdityaZope4040/CI-CD-pipeline-testing-'
[2025-09-29 12:24:17Z INFO CommandSettings] Remove url from Arg dictionary.
[2025-09-29 12:24:17Z INFO CommandSettings] Arg 'token': '***'
[2025-09-29 12:24:17Z INFO CommandSettings] Remove token from Arg dictionary.
[2025-09-29 12:24:33Z ERR  ConfigurationManager] Failed to get tenant credentials -- Attempt: 1
[2025-09-29 12:24:33Z ERR  ConfigurationManager] System.Net.Http.HttpRequestException: The SSL connection could not be established, see inner exception.
 ---> System.IO.IOException: Received an unexpected EOF or 0 bytes from the transport stream.
   at System.Net.Security.SslStream.ReceiveHandshakeFrameAsync[TIOAdapter](CancellationToken cancellationToken)
   at System.Net.Security.SslStream.ForceAuthenticationAsync[TIOAdapter](Boolean receiveFirst, Byte[] reAuthenticationData, CancellationToken cancellationToken)
   at System.Net.Http.ConnectHelper.EstablishSslConnectionAsync(SslClientAuthenticationOptions sslOptions, HttpRequestMessage request, Boolean async, Stream stream, CancellationToken cancellationToken)
   --- End of inner exception stack trace ---
   at System.Net.Http.ConnectHelper.EstablishSslConnectionAsync(SslClientAuthenticationOptions sslOptions, HttpRequestMessage request, Boolean async, Stream stream, CancellationToken cancellationToken)
   at System.Net.Http.HttpConnectionPool.ConnectAsync(HttpRequestMessage request, Boolean async, CancellationToken cancellationToken)
   at System.Net.Http.HttpConnectionPool.CreateHttp11ConnectionAsync(HttpRequestMessage request, Boolean async, CancellationToken cancellationToken)
   at System.Net.Http.HttpConnectionPool.AddHttp11ConnectionAsync(QueueItem queueItem)
   at System.Threading.Tasks.TaskCompletionSourceWithCancellation`1.WaitWithCancellationAsync(CancellationToken cancellationToken)
   at System.Net.Http.HttpConnectionPool.SendWithVersionDetectionAndRetryAsync(HttpRequestMessage request, Boolean async, Boolean doRequestAuth, CancellationToken cancellationToken)
   at System.Net.Http.RedirectHandler.SendAsync(HttpRequestMessage request, Boolean async, CancellationToken cancellationToken)
   at System.Net.Http.HttpClient.<SendAsync>g__Core|83_0(HttpRequestMessage request, HttpCompletionOption completionOption, CancellationTokenSource cts, Boolean disposeCts, CancellationTokenSource pendingRequestsCts, CancellationToken originalCancellationToken)
   at GitHub.Runner.Listener.Configuration.ConfigurationManager.GetTenantCredential(String githubUrl, String githubToken, String runnerEvent)
[2025-09-29 12:24:33Z ERR  ConfigurationManager] #####################################################
[2025-09-29 12:24:33Z ERR  ConfigurationManager] System.IO.IOException: Received an unexpected EOF or 0 bytes from the transport stream.
   at System.Net.Security.SslStream.ReceiveHandshakeFrameAsync[TIOAdapter](CancellationToken cancellationToken)
   at System.Net.Security.SslStream.ForceAuthenticationAsync[TIOAdapter](Boolean receiveFirst, Byte[] reAuthenticationData, CancellationToken cancellationToken)
   at System.Net.Http.ConnectHelper.EstablishSslConnectionAsync(SslClientAuthenticationOptions sslOptions, HttpRequestMessage request, Boolean async, Stream stream, CancellationToken cancellationToken)
[2025-09-29 12:24:33Z INFO ConfigurationManager] Retrying in 1 seconds
[2025-09-29 12:24:35Z INFO ConfigurationManager] Http response code: OK from 'POST https://api.github.com/actions/runner-registration' (CC52:108B2B:16F762E:1D19716:68DA7A81)
[2025-09-29 12:24:35Z INFO ConfigurationManager] Using V2 flow: False
[2025-09-29 12:24:35Z INFO ConfigurationManager] cred retrieved via GitHub auth
[2025-09-29 12:24:35Z INFO RunnerServer] EstablishVssConnection
[2025-09-29 12:24:35Z INFO RunnerServer] Establish connection with 100 seconds timeout.
[2025-09-29 12:24:35Z INFO GitHubActionsService] Starting operation Location.GetConnectionData
[2025-09-29 12:24:35Z INFO RunnerServer] EstablishVssConnection
[2025-09-29 12:24:35Z INFO RunnerServer] Establish connection with 60 seconds timeout.
[2025-09-29 12:24:35Z INFO GitHubActionsService] Starting operation Location.GetConnectionData
[2025-09-29 12:24:35Z INFO RunnerServer] EstablishVssConnection
[2025-09-29 12:24:35Z INFO RunnerServer] Establish connection with 60 seconds timeout.
[2025-09-29 12:24:35Z INFO GitHubActionsService] Starting operation Location.GetConnectionData
[2025-09-29 12:24:37Z INFO GitHubActionsService] Finished operation Location.GetConnectionData
[2025-09-29 12:24:37Z INFO GitHubActionsService] Finished operation Location.GetConnectionData
[2025-09-29 12:24:37Z INFO GitHubActionsService] Finished operation Location.GetConnectionData
[2025-09-29 12:24:37Z INFO Terminal] WRITE LINE: 
[2025-09-29 12:24:37Z INFO ConfigurationManager] Test Connection complete.
[2025-09-29 12:24:37Z INFO HostContext] Well known directory 'Bin': 'C:\Users\Aditya's PC\Desktop\Package a Node.js app into a container\actions-runner\bin'
[2025-09-29 12:24:37Z INFO HostContext] Well known directory 'Root': 'C:\Users\Aditya's PC\Desktop\Package a Node.js app into a container\actions-runner'
[2025-09-29 12:24:37Z INFO HostContext] Well known config file 'RSACredentials': 'C:\Users\Aditya's PC\Desktop\Package a Node.js app into a container\actions-runner\.credentials_rsaparams'
[2025-09-29 12:24:37Z INFO RSAEncryptedFileKeyManager] Creating new RSA key using 2048-bit key length
[2025-09-29 12:24:37Z INFO RSAEncryptedFileKeyManager] Successfully saved RSA key parameters to file C:\Users\Aditya's PC\Desktop\Package a Node.js app into a container\actions-runner\.credentials_rsaparams
[2025-09-29 12:24:37Z INFO CommandSettings] Arg 'runnergroup': ''
[2025-09-29 12:24:37Z INFO CommandSettings] Flag 'unattended': 'False'
[2025-09-29 12:24:37Z INFO PromptManager] ReadValue
[2025-09-29 12:24:37Z INFO Terminal] WRITE: Enter the name of the runner group to add this runner to: 
[2025-09-29 12:24:37Z INFO Terminal] WRITE: [press Enter for Default] 
[2025-09-29 12:24:37Z INFO Terminal] READ LINE
[2025-09-29 12:24:51Z INFO Terminal] Read value: ''
[2025-09-29 12:24:51Z INFO PromptManager] Falling back to the default: 'Default'
[2025-09-29 12:24:51Z INFO Terminal] WRITE LINE: 
[2025-09-29 12:24:51Z INFO ConfigurationManager] Found a self-hosted runner group with id 1 and name Default
[2025-09-29 12:24:51Z INFO CommandSettings] Flag 'disableupdate': 'False'
[2025-09-29 12:24:51Z INFO CommandSettings] Flag 'ephemeral': 'False'
[2025-09-29 12:24:51Z INFO CommandSettings] Arg 'name': ''
[2025-09-29 12:24:51Z INFO CommandSettings] Flag 'unattended': 'False'
[2025-09-29 12:24:51Z INFO PromptManager] ReadValue
[2025-09-29 12:24:51Z INFO Terminal] WRITE: Enter the name of runner: 
[2025-09-29 12:24:51Z INFO Terminal] WRITE: [press Enter for DESKTOP-2IVQ0G3] 
[2025-09-29 12:24:51Z INFO Terminal] READ LINE
[2025-09-29 12:25:14Z INFO Terminal] Read value: 'github-runner'
[2025-09-29 12:25:14Z INFO Terminal] WRITE LINE: 
[2025-09-29 12:25:14Z INFO CommandSettings] Arg 'labels': ''
[2025-09-29 12:25:14Z INFO CommandSettings] Flag 'unattended': 'False'
[2025-09-29 12:25:14Z INFO PromptManager] ReadValue
[2025-09-29 12:25:14Z INFO Terminal] WRITE: This runner will have the following labels: 'self-hosted', 'Windows', 'X64' 
Enter any additional labels (ex. label-1,label-2): 
[2025-09-29 12:25:14Z INFO Terminal] WRITE: [press Enter to skip] 
[2025-09-29 12:25:14Z INFO Terminal] READ LINE
[2025-09-29 12:25:26Z INFO Terminal] Read value: ''
[2025-09-29 12:25:26Z INFO Terminal] WRITE LINE: 
[2025-09-29 12:25:26Z INFO CommandSettings] Flag 'disableupdate': 'False'
[2025-09-29 12:25:26Z INFO CommandSettings] Flag 'no-default-labels': 'False'
[2025-09-29 12:25:27Z INFO CommandSettings] Flag 'disableupdate': 'False'
[2025-09-29 12:25:27Z INFO CommandSettings] Flag 'ephemeral': 'False'
[2025-09-29 12:25:27Z INFO ConfigurationStore] Saving OAuth credential @ C:\Users\Aditya's PC\Desktop\Package a Node.js app into a container\actions-runner\.credentials
[2025-09-29 12:25:27Z INFO ConfigurationStore] Credentials Saved.
[2025-09-29 12:25:27Z INFO ConfigurationStore] HasCredentials()
[2025-09-29 12:25:27Z INFO ConfigurationStore] stored True
[2025-09-29 12:25:27Z INFO CredentialManager] GetCredentialProvider
[2025-09-29 12:25:27Z INFO CredentialManager] Creating type OAuth
[2025-09-29 12:25:27Z INFO CredentialManager] Creating credential type: OAuth
[2025-09-29 12:25:27Z INFO RSAEncryptedFileKeyManager] Loading RSA key parameters from file C:\Users\Aditya's PC\Desktop\Package a Node.js app into a container\actions-runner\.credentials_rsaparams
[2025-09-29 12:25:27Z INFO RunnerServer] EstablishVssConnection
[2025-09-29 12:25:27Z INFO RunnerServer] Establish connection with 100 seconds timeout.
[2025-09-29 12:25:27Z INFO GitHubActionsService] Starting operation Location.GetConnectionData
[2025-09-29 12:25:27Z INFO RunnerServer] EstablishVssConnection
[2025-09-29 12:25:27Z INFO RunnerServer] Establish connection with 60 seconds timeout.
[2025-09-29 12:25:27Z INFO GitHubActionsService] Starting operation Location.GetConnectionData
[2025-09-29 12:25:27Z INFO RunnerServer] EstablishVssConnection
[2025-09-29 12:25:27Z INFO RunnerServer] Establish connection with 60 seconds timeout.
[2025-09-29 12:25:27Z INFO GitHubActionsService] Starting operation Location.GetConnectionData
[2025-09-29 12:25:28Z INFO GitHubActionsService] Finished operation Location.GetConnectionData
[2025-09-29 12:25:28Z INFO GitHubActionsService] Finished operation Location.GetConnectionData
[2025-09-29 12:25:28Z INFO GitHubActionsService] Finished operation Location.GetConnectionData
[2025-09-29 12:25:29Z INFO RSAEncryptedFileKeyManager] Loading RSA key parameters from file C:\Users\Aditya's PC\Desktop\Package a Node.js app into a container\actions-runner\.credentials_rsaparams
[2025-09-29 12:25:29Z INFO RSAEncryptedFileKeyManager] Loading RSA key parameters from file C:\Users\Aditya's PC\Desktop\Package a Node.js app into a container\actions-runner\.credentials_rsaparams
[2025-09-29 12:25:30Z INFO GitHubActionsService] AAD Correlation ID for this token request: Unknown
[2025-09-29 12:25:30Z INFO ConfigurationManager] Service enforced serverUrlV2: https://broker.actions.githubusercontent.com/
[2025-09-29 12:25:30Z INFO ConfigurationManager] Service enforced useV2Flow: True
[2025-09-29 12:25:30Z INFO CommandSettings] Arg 'work': ''
[2025-09-29 12:25:30Z INFO CommandSettings] Flag 'unattended': 'False'
[2025-09-29 12:25:30Z INFO PromptManager] ReadValue
[2025-09-29 12:25:30Z INFO Terminal] WRITE: Enter name of work folder: 
[2025-09-29 12:25:30Z INFO Terminal] WRITE: [press Enter for _work] 
[2025-09-29 12:25:30Z INFO Terminal] READ LINE
[2025-09-29 12:25:48Z INFO Terminal] Read value: ''
[2025-09-29 12:25:48Z INFO PromptManager] Falling back to the default: '_work'
[2025-09-29 12:25:48Z INFO ConfigurationStore] Saving runner settings.
[2025-09-29 12:25:48Z INFO ConfigurationStore] Settings Saved.
[2025-09-29 12:25:48Z INFO Terminal] WRITE LINE: 
[2025-09-29 12:25:48Z INFO Terminal] WRITE LINE: 
[2025-09-29 12:25:48Z INFO CommandSettings] Flag 'runasservice': 'False'
[2025-09-29 12:25:48Z INFO CommandSettings] Flag 'unattended': 'False'
[2025-09-29 12:25:48Z INFO PromptManager] ReadValue
[2025-09-29 12:25:48Z INFO Terminal] WRITE: Would you like to run the runner as service? (Y/N) 
[2025-09-29 12:25:48Z INFO Terminal] WRITE: [press Enter for N] 
[2025-09-29 12:25:48Z INFO Terminal] READ LINE
[2025-09-29 12:26:06Z INFO Terminal] Read value: ''
[2025-09-29 12:26:06Z INFO PromptManager] Falling back to the default: 'N'
[2025-09-29 12:26:06Z INFO Listener] Runner execution has finished with return code 0
