[2025-09-29 12:51:45Z INFO HostContext] No proxy settings were found based on environmental variables (http_proxy/https_proxy/HTTP_PROXY/HTTPS_PROXY)
[2025-09-29 12:51:45Z INFO HostContext] Well known directory 'Bin': 'C:\Users\Aditya's PC\Desktop\Package a Node.js app into a container\actions-runner\bin'
[2025-09-29 12:51:45Z INFO HostContext] Well known directory 'Root': 'C:\Users\Aditya's PC\Desktop\Package a Node.js app into a container\actions-runner'
[2025-09-29 12:51:45Z INFO HostContext] Well known config file 'Credentials': 'C:\Users\Aditya's PC\Desktop\Package a Node.js app into a container\actions-runner\.credentials'
[2025-09-29 12:51:45Z INFO HostContext] Well known directory 'Bin': 'C:\Users\Aditya's PC\Desktop\Package a Node.js app into a container\actions-runner\bin'
[2025-09-29 12:51:45Z INFO HostContext] Well known directory 'Root': 'C:\Users\Aditya's PC\Desktop\Package a Node.js app into a container\actions-runner'
[2025-09-29 12:51:45Z INFO HostContext] Well known config file 'Runner': 'C:\Users\Aditya's PC\Desktop\Package a Node.js app into a container\actions-runner\.runner'
[2025-09-29 12:51:45Z INFO Listener] Runner is built for Windows (X64) - win-x64.
[2025-09-29 12:51:45Z INFO Listener] RuntimeInformation: Microsoft Windows 10.0.19045.
[2025-09-29 12:51:45Z INFO Listener] Version: 2.328.0
[2025-09-29 12:51:45Z INFO Listener] Commit: 6f9a9110adce65f44ca6f7c0ae142b9cc6af937b
[2025-09-29 12:51:45Z INFO Listener] Culture: en-US
[2025-09-29 12:51:45Z INFO Listener] UI Culture: en-US
[2025-09-29 12:51:45Z INFO HostContext] Well known directory 'Bin': 'C:\Users\Aditya's PC\Desktop\Package a Node.js app into a container\actions-runner\bin'
[2025-09-29 12:51:45Z INFO HostContext] Well known directory 'Root': 'C:\Users\Aditya's PC\Desktop\Package a Node.js app into a container\actions-runner'
[2025-09-29 12:51:45Z INFO Listener] Validating directory permissions for: 'C:\Users\Aditya's PC\Desktop\Package a Node.js app into a container\actions-runner'
[2025-09-29 12:51:45Z INFO CommandLineParser] Parse
[2025-09-29 12:51:45Z INFO CommandLineParser] Parsing 1 args
[2025-09-29 12:51:45Z INFO CommandLineParser] parsing argument
[2025-09-29 12:51:45Z INFO CommandLineParser] HasArgs: False
[2025-09-29 12:51:45Z INFO CommandLineParser] Adding Command: run
[2025-09-29 12:51:45Z INFO Listener] Arguments parsed
[2025-09-29 12:51:45Z INFO Runner] ExecuteCommand
[2025-09-29 12:51:45Z INFO ConfigurationStore] currentAssemblyLocation: C:\Users\Aditya's PC\Desktop\Package a Node.js app into a container\actions-runner\bin\Runner.Listener.dll
[2025-09-29 12:51:45Z INFO HostContext] Well known directory 'Bin': 'C:\Users\Aditya's PC\Desktop\Package a Node.js app into a container\actions-runner\bin'
[2025-09-29 12:51:45Z INFO ConfigurationStore] binPath: C:\Users\Aditya's PC\Desktop\Package a Node.js app into a container\actions-runner\bin
[2025-09-29 12:51:45Z INFO HostContext] Well known directory 'Bin': 'C:\Users\Aditya's PC\Desktop\Package a Node.js app into a container\actions-runner\bin'
[2025-09-29 12:51:45Z INFO HostContext] Well known directory 'Root': 'C:\Users\Aditya's PC\Desktop\Package a Node.js app into a container\actions-runner'
[2025-09-29 12:51:45Z INFO ConfigurationStore] RootFolder: C:\Users\Aditya's PC\Desktop\Package a Node.js app into a container\actions-runner
[2025-09-29 12:51:45Z INFO HostContext] Well known directory 'Bin': 'C:\Users\Aditya's PC\Desktop\Package a Node.js app into a container\actions-runner\bin'
[2025-09-29 12:51:45Z INFO HostContext] Well known directory 'Root': 'C:\Users\Aditya's PC\Desktop\Package a Node.js app into a container\actions-runner'
[2025-09-29 12:51:45Z INFO HostContext] Well known config file 'Runner': 'C:\Users\Aditya's PC\Desktop\Package a Node.js app into a container\actions-runner\.runner'
[2025-09-29 12:51:45Z INFO ConfigurationStore] ConfigFilePath: C:\Users\Aditya's PC\Desktop\Package a Node.js app into a container\actions-runner\.runner
[2025-09-29 12:51:45Z INFO HostContext] Well known directory 'Bin': 'C:\Users\Aditya's PC\Desktop\Package a Node.js app into a container\actions-runner\bin'
[2025-09-29 12:51:45Z INFO HostContext] Well known directory 'Root': 'C:\Users\Aditya's PC\Desktop\Package a Node.js app into a container\actions-runner'
[2025-09-29 12:51:45Z INFO HostContext] Well known config file 'MigratedRunner': 'C:\Users\Aditya's PC\Desktop\Package a Node.js app into a container\actions-runner\.runner_migrated'
[2025-09-29 12:51:45Z INFO ConfigurationStore] MigratedConfigFilePath: C:\Users\Aditya's PC\Desktop\Package a Node.js app into a container\actions-runner\.runner_migrated
[2025-09-29 12:51:45Z INFO HostContext] Well known directory 'Bin': 'C:\Users\Aditya's PC\Desktop\Package a Node.js app into a container\actions-runner\bin'
[2025-09-29 12:51:45Z INFO HostContext] Well known directory 'Root': 'C:\Users\Aditya's PC\Desktop\Package a Node.js app into a container\actions-runner'
[2025-09-29 12:51:45Z INFO HostContext] Well known config file 'Credentials': 'C:\Users\Aditya's PC\Desktop\Package a Node.js app into a container\actions-runner\.credentials'
[2025-09-29 12:51:45Z INFO ConfigurationStore] CredFilePath: C:\Users\Aditya's PC\Desktop\Package a Node.js app into a container\actions-runner\.credentials
[2025-09-29 12:51:45Z INFO HostContext] Well known directory 'Bin': 'C:\Users\Aditya's PC\Desktop\Package a Node.js app into a container\actions-runner\bin'
[2025-09-29 12:51:45Z INFO HostContext] Well known directory 'Root': 'C:\Users\Aditya's PC\Desktop\Package a Node.js app into a container\actions-runner'
[2025-09-29 12:51:45Z INFO HostContext] Well known config file 'MigratedCredentials': 'C:\Users\Aditya's PC\Desktop\Package a Node.js app into a container\actions-runner\.credentials_migrated'
[2025-09-29 12:51:45Z INFO ConfigurationStore] MigratedCredFilePath: C:\Users\Aditya's PC\Desktop\Package a Node.js app into a container\actions-runner\.credentials_migrated
[2025-09-29 12:51:45Z INFO HostContext] Well known directory 'Bin': 'C:\Users\Aditya's PC\Desktop\Package a Node.js app into a container\actions-runner\bin'
[2025-09-29 12:51:45Z INFO HostContext] Well known directory 'Root': 'C:\Users\Aditya's PC\Desktop\Package a Node.js app into a container\actions-runner'
[2025-09-29 12:51:45Z INFO HostContext] Well known config file 'Service': 'C:\Users\Aditya's PC\Desktop\Package a Node.js app into a container\actions-runner\.service'
[2025-09-29 12:51:45Z INFO ConfigurationStore] ServiceConfigFilePath: C:\Users\Aditya's PC\Desktop\Package a Node.js app into a container\actions-runner\.service
[2025-09-29 12:51:45Z INFO CommandSettings] Flag 'help': 'False'
[2025-09-29 12:51:45Z INFO CommandSettings] Flag 'version': 'False'
[2025-09-29 12:51:45Z INFO CommandSettings] Flag 'commit': 'False'
[2025-09-29 12:51:45Z INFO CommandSettings] Flag 'check': 'False'
[2025-09-29 12:51:45Z INFO CommandSettings] Command 'configure': 'False'
[2025-09-29 12:51:45Z INFO CommandSettings] Command 'remove': 'False'
[2025-09-29 12:51:45Z INFO CommandSettings] Command 'warmup': 'False'
[2025-09-29 12:51:45Z INFO ConfigurationManager] LoadSettings
[2025-09-29 12:51:45Z INFO ConfigurationStore] IsConfigured()
[2025-09-29 12:51:45Z INFO ConfigurationStore] IsConfigured: True
[2025-09-29 12:51:45Z INFO ConfigurationManager] Is configured: True
[2025-09-29 12:51:45Z INFO ConfigurationStore] Read setting file: 415 chars
[2025-09-29 12:51:45Z INFO ConfigurationManager] Settings Loaded
[2025-09-29 12:51:45Z INFO ConfigurationStore] IsServiceConfigured()
[2025-09-29 12:51:45Z INFO ConfigurationStore] IsServiceConfigured: False
[2025-09-29 12:51:45Z INFO CommandSettings] Command 'run': 'True'
[2025-09-29 12:51:45Z INFO ConfigurationStore] IsConfigured()
[2025-09-29 12:51:45Z INFO ConfigurationStore] IsConfigured: True
[2025-09-29 12:51:45Z INFO ConfigurationManager] Is configured: True
[2025-09-29 12:51:45Z INFO Runner] Could not parse the argument value '' for StartupType. Defaulting to Manual
[2025-09-29 12:51:45Z INFO Runner] Set runner startup type - Manual
[2025-09-29 12:51:45Z INFO CommandSettings] Flag 'once': 'False'
[2025-09-29 12:51:45Z INFO CommandSettings] Flag 'once': 'False'
[2025-09-29 12:51:45Z INFO Runner] RunAsync
[2025-09-29 12:51:45Z INFO ConfigurationManager] LoadMigratedSettings
[2025-09-29 12:51:45Z INFO ConfigurationStore] IsMigratedConfigured()
[2025-09-29 12:51:45Z INFO ConfigurationStore] IsMigratedConfigured: False
[2025-09-29 12:51:45Z INFO Runner] Failed to load migrated settings: No migrated configuration found.
[2025-09-29 12:51:45Z INFO Runner] Falling back to original .runner settings
[2025-09-29 12:51:45Z INFO Runner] Using BrokerMessageListener
[2025-09-29 12:51:45Z INFO BrokerMessageListener] Using provided settings
[2025-09-29 12:51:45Z INFO BrokerMessageListener] {
  "AgentId": 2,
  "AgentName": "github-runner",
  "PoolId": 1,
  "PoolName": "Default",
  "ServerUrl": "https://pipelinesghubeus26.actions.githubusercontent.com/ugQDkjQnOXrF7E4Hopf2TEyVqMubFts7RA2XOhis2FtB2Ob1iA/",
  "GitHubUrl": "https://github.com/AdityaZope4040/CI-CD-pipeline-testing-",
  "WorkFolder": "_work",
  "UseV2Flow": true,
  "ServerUrlV2": "https://broker.actions.githubusercontent.com/"
}
[2025-09-29 12:51:45Z INFO BrokerMessageListener] Loading Credentials
[2025-09-29 12:51:45Z INFO ConfigurationStore] HasCredentials()
[2025-09-29 12:51:45Z INFO ConfigurationStore] stored True
[2025-09-29 12:51:45Z INFO CredentialManager] GetCredentialProvider
[2025-09-29 12:51:45Z INFO CredentialManager] Creating type OAuth
[2025-09-29 12:51:45Z INFO CredentialManager] Creating credential type: OAuth
[2025-09-29 12:51:45Z INFO HostContext] Well known directory 'Bin': 'C:\Users\Aditya's PC\Desktop\Package a Node.js app into a container\actions-runner\bin'
[2025-09-29 12:51:45Z INFO HostContext] Well known directory 'Root': 'C:\Users\Aditya's PC\Desktop\Package a Node.js app into a container\actions-runner'
[2025-09-29 12:51:45Z INFO HostContext] Well known config file 'RSACredentials': 'C:\Users\Aditya's PC\Desktop\Package a Node.js app into a container\actions-runner\.credentials_rsaparams'
[2025-09-29 12:51:45Z INFO RSAEncryptedFileKeyManager] Loading RSA key parameters from file C:\Users\Aditya's PC\Desktop\Package a Node.js app into a container\actions-runner\.credentials_rsaparams
[2025-09-29 12:51:45Z INFO BrokerMessageListener] Attempt to create session.
[2025-09-29 12:51:45Z INFO BrokerMessageListener] Connecting to the Broker Server...
[2025-09-29 12:51:45Z INFO ConfigurationStore] HasCredentials()
[2025-09-29 12:51:45Z INFO ConfigurationStore] stored True
[2025-09-29 12:51:45Z INFO CredentialManager] GetCredentialProvider
[2025-09-29 12:51:45Z INFO CredentialManager] Creating type OAuth
[2025-09-29 12:51:45Z INFO CredentialManager] Creating credential type: OAuth
[2025-09-29 12:51:45Z INFO RSAEncryptedFileKeyManager] Loading RSA key parameters from file C:\Users\Aditya's PC\Desktop\Package a Node.js app into a container\actions-runner\.credentials_rsaparams
[2025-09-29 12:51:45Z INFO BrokerMessageListener] VssConnection created
[2025-09-29 12:51:45Z INFO BrokerMessageListener] Connecting to the Runner server...
[2025-09-29 12:51:45Z INFO RunnerServer] EstablishVssConnection
[2025-09-29 12:51:45Z INFO RunnerServer] Establish connection with 100 seconds timeout.
[2025-09-29 12:51:45Z INFO GitHubActionsService] Starting operation Location.GetConnectionData
[2025-09-29 12:51:45Z INFO RunnerServer] EstablishVssConnection
[2025-09-29 12:51:45Z INFO RunnerServer] Establish connection with 60 seconds timeout.
[2025-09-29 12:51:45Z INFO GitHubActionsService] Starting operation Location.GetConnectionData
[2025-09-29 12:51:45Z INFO RunnerServer] EstablishVssConnection
[2025-09-29 12:51:45Z INFO RunnerServer] Establish connection with 60 seconds timeout.
[2025-09-29 12:51:45Z INFO GitHubActionsService] Starting operation Location.GetConnectionData
[2025-09-29 12:51:47Z INFO GitHubActionsService] Finished operation Location.GetConnectionData
[2025-09-29 12:51:47Z INFO GitHubActionsService] Finished operation Location.GetConnectionData
[2025-09-29 12:51:47Z INFO GitHubActionsService] Finished operation Location.GetConnectionData
[2025-09-29 12:51:47Z INFO BrokerMessageListener] VssConnection created
[2025-09-29 12:51:47Z INFO Terminal] WRITE LINE: 
[2025-09-29 12:51:47Z INFO Terminal] WRITE LINE: 
[2025-09-29 12:51:47Z INFO RSAEncryptedFileKeyManager] Loading RSA key parameters from file C:\Users\Aditya's PC\Desktop\Package a Node.js app into a container\actions-runner\.credentials_rsaparams
[2025-09-29 12:51:47Z INFO RSAEncryptedFileKeyManager] Loading RSA key parameters from file C:\Users\Aditya's PC\Desktop\Package a Node.js app into a container\actions-runner\.credentials_rsaparams
[2025-09-29 12:51:48Z INFO GitHubActionsService] AAD Correlation ID for this token request: Unknown
[2025-09-29 12:51:50Z INFO BrokerMessageListener] Session created.
[2025-09-29 12:51:50Z INFO Terminal] WRITE LINE: Current runner version: '2.328.0'
[2025-09-29 12:51:50Z INFO Terminal] WRITE LINE: 2025-09-29 12:51:50Z: Listening for Jobs
[2025-09-29 12:51:50Z INFO JobDispatcher] Set runner/worker IPC timeout to 30 seconds.
[2025-09-29 12:51:50Z INFO ConfigurationStore] HasCredentials()
[2025-09-29 12:51:50Z INFO ConfigurationStore] stored True
[2025-09-29 12:51:50Z INFO CredentialManager] GetCredentialProvider
[2025-09-29 12:51:50Z INFO CredentialManager] Creating type OAuth
[2025-09-29 12:51:50Z INFO CredentialManager] Creating credential type: OAuth
[2025-09-29 12:51:50Z INFO RSAEncryptedFileKeyManager] Loading RSA key parameters from file C:\Users\Aditya's PC\Desktop\Package a Node.js app into a container\actions-runner\.credentials_rsaparams
[2025-09-29 12:51:50Z INFO RSAEncryptedFileKeyManager] Loading RSA key parameters from file C:\Users\Aditya's PC\Desktop\Package a Node.js app into a container\actions-runner\.credentials_rsaparams
[2025-09-29 12:51:50Z INFO RSAEncryptedFileKeyManager] Loading RSA key parameters from file C:\Users\Aditya's PC\Desktop\Package a Node.js app into a container\actions-runner\.credentials_rsaparams
[2025-09-29 12:51:51Z INFO GitHubActionsService] AAD Correlation ID for this token request: Unknown
[2025-09-29 12:51:54Z INFO JobDispatcher] Job request 0 for plan 055d04a4-5aa0-4f52-a838-dd5e61cdbbbb job 49f41bac-1903-57e3-8f33-8046986c89b6 received.
[2025-09-29 12:51:54Z INFO JobDispatcher] Pull OrchestrationId 055d04a4-5aa0-4f52-a838-dd5e61cdbbbb.build-and-run.__default from JWT claims
[2025-09-29 12:51:54Z INFO BrokerMessageListener] Received job status event. JobState: Busy
[2025-09-29 12:51:54Z INFO BrokerMessageListener] _getMessagesTokenSource is already disposed.
[2025-09-29 12:51:54Z INFO Terminal] WRITE LINE: 2025-09-29 12:51:54Z: Running job: build-and-run
[2025-09-29 12:51:54Z INFO JobDispatcher] Start renew job request 0 for job 49f41bac-1903-57e3-8f33-8046986c89b6.
[2025-09-29 12:51:59Z WARN GitHubActionsService] Attempt 1 of POST request to https://run-actions-2-azure-eastus.actions.githubusercontent.com/66/renewjob failed (HTTP Status: ServiceUnavailable). The operation will be retried in 10.931 seconds.
[2025-09-29 12:52:21Z WARN GitHubActionsService] Attempt 2 of POST request to https://run-actions-2-azure-eastus.actions.githubusercontent.com/66/renewjob failed (HTTP Status: ServiceUnavailable). The operation will be retried in 12.862 seconds.
[2025-09-29 12:52:44Z WARN GitHubActionsService] Attempt 3 of POST request to https://run-actions-2-azure-eastus.actions.githubusercontent.com/66/renewjob failed (HTTP Status: ServiceUnavailable). The operation will be retried in 18.092 seconds.
[2025-09-29 12:53:03Z INFO JobDispatcher] Successfully renew job 49f41bac-1903-57e3-8f33-8046986c89b6, job is valid till 9/29/2025 1:03:03 PM
[2025-09-29 12:53:03Z INFO HostContext] Well known directory 'Bin': 'C:\Users\Aditya's PC\Desktop\Package a Node.js app into a container\actions-runner\bin'
[2025-09-29 12:53:03Z INFO ProcessInvokerWrapper] Starting process:
[2025-09-29 12:53:03Z INFO ProcessInvokerWrapper]   File name: 'C:\Users\Aditya's PC\Desktop\Package a Node.js app into a container\actions-runner\bin\Runner.Worker.exe'
[2025-09-29 12:53:03Z INFO ProcessInvokerWrapper]   Arguments: 'spawnclient 1484 2168'
[2025-09-29 12:53:03Z INFO ProcessInvokerWrapper]   Working directory: 'C:\Users\Aditya's PC\Desktop\Package a Node.js app into a container\actions-runner\bin'
[2025-09-29 12:53:03Z INFO ProcessInvokerWrapper]   Require exit code zero: 'False'
[2025-09-29 12:53:03Z INFO ProcessInvokerWrapper]   Encoding web name:  ; code page: ''
[2025-09-29 12:53:03Z INFO ProcessInvokerWrapper]   Force kill process on cancellation: 'True'
[2025-09-29 12:53:03Z INFO ProcessInvokerWrapper]   Redirected STDIN: 'False'
[2025-09-29 12:53:03Z INFO ProcessInvokerWrapper]   Persist current code page: 'False'
[2025-09-29 12:53:03Z INFO ProcessInvokerWrapper]   Keep redirected STDIN open: 'False'
[2025-09-29 12:53:03Z INFO ProcessInvokerWrapper]   High priority process: 'True'
[2025-09-29 12:53:04Z INFO ProcessInvokerWrapper] Process started with process id 13016, waiting for process exit.
[2025-09-29 12:53:04Z INFO JobDispatcher] Send job request message to worker for job 49f41bac-1903-57e3-8f33-8046986c89b6.
[2025-09-29 12:53:04Z INFO ProcessChannel] Sending message of length 21137, with hash '438d1a4df328477d55172e9da2ff665ef52b0b22c389fbbb2cb3140234a970fa'
[2025-09-29 12:53:05Z INFO JobNotification] Entering JobStarted Notification
[2025-09-29 12:53:05Z INFO JobNotification] Entering StartMonitor
[2025-09-29 12:54:04Z INFO JobDispatcher] Successfully renew job 49f41bac-1903-57e3-8f33-8046986c89b6, job is valid till 9/29/2025 1:04:04 PM
[2025-09-29 12:55:05Z INFO JobDispatcher] Successfully renew job 49f41bac-1903-57e3-8f33-8046986c89b6, job is valid till 9/29/2025 1:05:04 PM
[2025-09-29 12:56:05Z INFO JobDispatcher] Successfully renew job 49f41bac-1903-57e3-8f33-8046986c89b6, job is valid till 9/29/2025 1:06:04 PM
[2025-09-29 12:57:05Z INFO JobDispatcher] Successfully renew job 49f41bac-1903-57e3-8f33-8046986c89b6, job is valid till 9/29/2025 1:07:05 PM
[2025-09-29 12:58:06Z INFO JobDispatcher] Successfully renew job 49f41bac-1903-57e3-8f33-8046986c89b6, job is valid till 9/29/2025 1:08:05 PM
[2025-09-29 12:58:10Z INFO ProcessInvokerWrapper] STDOUT/STDERR stream read finished.
[2025-09-29 12:58:10Z INFO ProcessInvokerWrapper] STDOUT/STDERR stream read finished.
[2025-09-29 12:58:10Z INFO ProcessInvokerWrapper] Finished process 13016 with exit code 102, and elapsed time 00:05:06.7929416.
[2025-09-29 12:58:10Z INFO JobDispatcher] Worker finished for job 49f41bac-1903-57e3-8f33-8046986c89b6. Code: 102
[2025-09-29 12:58:10Z INFO JobDispatcher] finish job request for job 49f41bac-1903-57e3-8f33-8046986c89b6 with result: Failed
[2025-09-29 12:58:10Z INFO Terminal] WRITE LINE: 2025-09-29 12:58:10Z: Job build-and-run completed with result: Failed
[2025-09-29 12:58:10Z INFO JobDispatcher] Stop renew job request for job 49f41bac-1903-57e3-8f33-8046986c89b6.
[2025-09-29 12:58:10Z INFO JobDispatcher] job renew has been cancelled, stop renew job 49f41bac-1903-57e3-8f33-8046986c89b6.
[2025-09-29 12:58:10Z INFO JobNotification] Entering JobCompleted Notification
[2025-09-29 12:58:10Z INFO JobNotification] Entering EndMonitor
[2025-09-29 12:58:10Z INFO BrokerMessageListener] Received job status event. JobState: Online
[2025-09-29 12:58:10Z WARN GitHubActionsService] GET request to https://broker.actions.githubusercontent.com/message?sessionId=5df01650-7bc2-4944-9aff-5f59fa4b0b9a&status=Busy&runnerVersion=2.328.0&os=Windows&architecture=X64&disableUpdate=false has been cancelled.
[2025-09-29 12:58:10Z ERR  BrokerServer] Catch exception during request
[2025-09-29 12:58:10Z ERR  BrokerServer] System.Threading.Tasks.TaskCanceledException: The operation was canceled.
 ---> System.Threading.Tasks.TaskCanceledException: The operation was canceled.
 ---> System.IO.IOException: Unable to read data from the transport connection: The I/O operation has been aborted because of either a thread exit or an application request..
 ---> System.Net.Sockets.SocketException (995): The I/O operation has been aborted because of either a thread exit or an application request.
   --- End of inner exception stack trace ---
   at System.Net.Sockets.Socket.AwaitableSocketAsyncEventArgs.ThrowException(SocketError error, CancellationToken cancellationToken)
   at System.Net.Sockets.Socket.AwaitableSocketAsyncEventArgs.System.Threading.Tasks.Sources.IValueTaskSource<System.Int32>.GetResult(Int16 token)
   at System.Net.Security.SslStream.EnsureFullTlsFrameAsync[TIOAdapter](CancellationToken cancellationToken, Int32 estimatedSize)
   at System.Runtime.CompilerServices.PoolingAsyncValueTaskMethodBuilder`1.StateMachineBox`1.System.Threading.Tasks.Sources.IValueTaskSource<TResult>.GetResult(Int16 token)
   at System.Net.Security.SslStream.ReadAsyncInternal[TIOAdapter](Memory`1 buffer, CancellationToken cancellationToken)
   at System.Runtime.CompilerServices.PoolingAsyncValueTaskMethodBuilder`1.StateMachineBox`1.System.Threading.Tasks.Sources.IValueTaskSource<TResult>.GetResult(Int16 token)
   at System.Net.Http.HttpConnection.SendAsync(HttpRequestMessage request, Boolean async, CancellationToken cancellationToken)
   --- End of inner exception stack trace ---
   at System.Net.Http.HttpConnection.SendAsync(HttpRequestMessage request, Boolean async, CancellationToken cancellationToken)
   at System.Net.Http.AuthenticationHelper.SendWithNtAuthAsync(HttpRequestMessage request, Uri authUri, Boolean async, ICredentials credentials, Boolean isProxyAuth, HttpConnection connection, HttpConnectionPool connectionPool, CancellationToken cancellationToken)
   at System.Net.Http.HttpConnectionPool.SendWithVersionDetectionAndRetryAsync(HttpRequestMessage request, Boolean async, Boolean doRequestAuth, CancellationToken cancellationToken)
   at System.Net.Http.AuthenticationHelper.SendWithAuthAsync(HttpRequestMessage request, Uri authUri, Boolean async, ICredentials credentials, Boolean preAuthenticate, Boolean isProxyAuth, Boolean doRequestAuth, HttpConnectionPool pool, CancellationToken cancellationToken)
   at System.Net.Http.RedirectHandler.SendAsync(HttpRequestMessage request, Boolean async, CancellationToken cancellationToken)
   at GitHub.Services.Common.RawHttpMessageHandler.SendAsync(HttpRequestMessage request, CancellationToken cancellationToken)
   at GitHub.Services.Common.VssHttpRetryMessageHandler.SendAsync(HttpRequestMessage request, CancellationToken cancellationToken)
   at System.Net.Http.HttpClient.<SendAsync>g__Core|83_0(HttpRequestMessage request, HttpCompletionOption completionOption, CancellationTokenSource cts, Boolean disposeCts, CancellationTokenSource pendingRequestsCts, CancellationToken originalCancellationToken)
   --- End of inner exception stack trace ---
   at System.Net.Http.HttpClient.HandleFailure(Exception e, Boolean telemetryStarted, HttpResponseMessage response, CancellationTokenSource cts, CancellationToken cancellationToken, CancellationTokenSource pendingRequestsCts)
   at System.Net.Http.HttpClient.<SendAsync>g__Core|83_0(HttpRequestMessage request, HttpCompletionOption completionOption, CancellationTokenSource cts, Boolean disposeCts, CancellationTokenSource pendingRequestsCts, CancellationToken originalCancellationToken)
   at Sdk.WebApi.WebApi.RawHttpClientBase.SendAsync(HttpRequestMessage message, HttpCompletionOption completionOption, Object userState, CancellationToken cancellationToken)
   at Sdk.WebApi.WebApi.RawHttpClientBase.SendAsync[T](HttpRequestMessage message, Boolean readErrorBody, Object userState, CancellationToken cancellationToken)
   at Sdk.WebApi.WebApi.RawHttpClientBase.SendAsync[T](HttpMethod method, IEnumerable`1 additionalHeaders, Uri requestUri, HttpContent content, IEnumerable`1 queryParameters, Boolean readErrorBody, Object userState, CancellationToken cancellationToken)
   at GitHub.Actions.RunService.WebApi.BrokerHttpClient.GetRunnerMessageAsync(Nullable`1 sessionId, String runnerVersion, Nullable`1 status, String os, String architecture, Nullable`1 disableUpdate, CancellationToken cancellationToken)
   at GitHub.Runner.Common.BrokerServer.<>c__DisplayClass7_0.<<GetRunnerMessageAsync>b__0>d.MoveNext()
--- End of stack trace from previous location ---
   at GitHub.Runner.Common.RunnerService.RetryRequest[T](Func`1 func, CancellationToken cancellationToken, Int32 maxRetryAttemptsCount, Func`2 shouldRetry)
[2025-09-29 12:58:10Z ERR  BrokerServer] #####################################################
[2025-09-29 12:58:10Z ERR  BrokerServer] System.Threading.Tasks.TaskCanceledException: The operation was canceled.
 ---> System.IO.IOException: Unable to read data from the transport connection: The I/O operation has been aborted because of either a thread exit or an application request..
 ---> System.Net.Sockets.SocketException (995): The I/O operation has been aborted because of either a thread exit or an application request.
   --- End of inner exception stack trace ---
   at System.Net.Sockets.Socket.AwaitableSocketAsyncEventArgs.ThrowException(SocketError error, CancellationToken cancellationToken)
   at System.Net.Sockets.Socket.AwaitableSocketAsyncEventArgs.System.Threading.Tasks.Sources.IValueTaskSource<System.Int32>.GetResult(Int16 token)
   at System.Net.Security.SslStream.EnsureFullTlsFrameAsync[TIOAdapter](CancellationToken cancellationToken, Int32 estimatedSize)
   at System.Runtime.CompilerServices.PoolingAsyncValueTaskMethodBuilder`1.StateMachineBox`1.System.Threading.Tasks.Sources.IValueTaskSource<TResult>.GetResult(Int16 token)
   at System.Net.Security.SslStream.ReadAsyncInternal[TIOAdapter](Memory`1 buffer, CancellationToken cancellationToken)
   at System.Runtime.CompilerServices.PoolingAsyncValueTaskMethodBuilder`1.StateMachineBox`1.System.Threading.Tasks.Sources.IValueTaskSource<TResult>.GetResult(Int16 token)
   at System.Net.Http.HttpConnection.SendAsync(HttpRequestMessage request, Boolean async, CancellationToken cancellationToken)
   --- End of inner exception stack trace ---
   at System.Net.Http.HttpConnection.SendAsync(HttpRequestMessage request, Boolean async, CancellationToken cancellationToken)
   at System.Net.Http.AuthenticationHelper.SendWithNtAuthAsync(HttpRequestMessage request, Uri authUri, Boolean async, ICredentials credentials, Boolean isProxyAuth, HttpConnection connection, HttpConnectionPool connectionPool, CancellationToken cancellationToken)
   at System.Net.Http.HttpConnectionPool.SendWithVersionDetectionAndRetryAsync(HttpRequestMessage request, Boolean async, Boolean doRequestAuth, CancellationToken cancellationToken)
   at System.Net.Http.AuthenticationHelper.SendWithAuthAsync(HttpRequestMessage request, Uri authUri, Boolean async, ICredentials credentials, Boolean preAuthenticate, Boolean isProxyAuth, Boolean doRequestAuth, HttpConnectionPool pool, CancellationToken cancellationToken)
   at System.Net.Http.RedirectHandler.SendAsync(HttpRequestMessage request, Boolean async, CancellationToken cancellationToken)
   at GitHub.Services.Common.RawHttpMessageHandler.SendAsync(HttpRequestMessage request, CancellationToken cancellationToken)
   at GitHub.Services.Common.VssHttpRetryMessageHandler.SendAsync(HttpRequestMessage request, CancellationToken cancellationToken)
   at System.Net.Http.HttpClient.<SendAsync>g__Core|83_0(HttpRequestMessage request, HttpCompletionOption completionOption, CancellationTokenSource cts, Boolean disposeCts, CancellationTokenSource pendingRequestsCts, CancellationToken originalCancellationToken)
[2025-09-29 12:58:10Z ERR  BrokerServer] #####################################################
[2025-09-29 12:58:10Z ERR  BrokerServer] System.IO.IOException: Unable to read data from the transport connection: The I/O operation has been aborted because of either a thread exit or an application request..
 ---> System.Net.Sockets.SocketException (995): The I/O operation has been aborted because of either a thread exit or an application request.
   --- End of inner exception stack trace ---
   at System.Net.Sockets.Socket.AwaitableSocketAsyncEventArgs.ThrowException(SocketError error, CancellationToken cancellationToken)
   at System.Net.Sockets.Socket.AwaitableSocketAsyncEventArgs.System.Threading.Tasks.Sources.IValueTaskSource<System.Int32>.GetResult(Int16 token)
   at System.Net.Security.SslStream.EnsureFullTlsFrameAsync[TIOAdapter](CancellationToken cancellationToken, Int32 estimatedSize)
   at System.Runtime.CompilerServices.PoolingAsyncValueTaskMethodBuilder`1.StateMachineBox`1.System.Threading.Tasks.Sources.IValueTaskSource<TResult>.GetResult(Int16 token)
   at System.Net.Security.SslStream.ReadAsyncInternal[TIOAdapter](Memory`1 buffer, CancellationToken cancellationToken)
   at System.Runtime.CompilerServices.PoolingAsyncValueTaskMethodBuilder`1.StateMachineBox`1.System.Threading.Tasks.Sources.IValueTaskSource<TResult>.GetResult(Int16 token)
   at System.Net.Http.HttpConnection.SendAsync(HttpRequestMessage request, Boolean async, CancellationToken cancellationToken)
[2025-09-29 12:58:10Z ERR  BrokerServer] #####################################################
[2025-09-29 12:58:10Z ERR  BrokerServer] System.Net.Sockets.SocketException (995): The I/O operation has been aborted because of either a thread exit or an application request.
[2025-09-29 12:58:10Z WARN BrokerServer] Back off 14.581 seconds before next retry. 4 attempt left.
[2025-09-29 12:58:10Z INFO BrokerMessageListener] Get messages has been cancelled using local token source. Continue to get messages with new status.
